[1] "Running 1"
Loading required package: nlme
[1] "Running 2"
Loading required package: nlme
[1] "Running 4"
[1] "Running 3"
[1] "Running 6"
Loading required package: nlme
Loading required package: nlme
Loading required package: nlme
[1] "Running 5"
Loading required package: nlme
[1] "Running 7"
Loading required package: nlme
[1] "Running 13"
Loading required package: nlme
[1] "Running 9"
Loading required package: nlme
[1] "Running 23"
[1] "Running 8"
Loading required package: nlme
[1] "Running 33"
Loading required package: nlme
Loading required package: nlme
[1] "Running 41"
Loading required package: nlme
[1] "Running 26"
[1] "Running 12"
[1] "Running 16"
Loading required package: nlme
[1] "Running 42"
[1] "Running 21"
[1] "Running 20"
Loading required package: nlme
[1] "Running 10"
Loading required package: nlme
[1] "Running 74"
Loading required package: nlme
Loading required package: nlme
[1] "Running 46"
[1] "Running 11"
Loading required package: nlme
[1] "Running 47"
Loading required package: nlme
[1] "Running 45"
Loading required package: nlme
Loading required package: nlme
Loading required package: nlme
[1] "Running 14"
Loading required package: nlme
Loading required package: nlme
[1] "Running 15"
Loading required package: nlme
[1] "Running 17"
Loading required package: nlme
[1] "Running 37"
[1] "Running 30"
[1]Loading required package: nlme
 "Running 36"
Loading required package: nlme
[1] "Running 54"
[1] "Running 24"
Loading required package: nlme
[1] "Running 68"
Loading required package: nlme
Loading required package: nlme
[1] "Running 56"
[1] "Running 52"
Loading required package: nlme
Loading required package: nlme
[1] "Running 25"
[1] "Running 49"
[1] "Running 64"
Loading required package: nlme
[1] "Running 34"
[1] "Running 48"
Loading required package: nlme
Loading required package: nlme
Loading required package: nlme
[1] "Running 845"
[1] "Running 39"
Loading required package: nlme
[1] "Running 28"
[1] "Running 807"
Loading required package: nlme
[1] "Running 79"
[1] "Running 86"
Loading required package: nlme
[1] "Running 60"
Loading required package: nlme
[1] "Running 809"
Loading required package: nlme
[1] "Running 31"
Loading required package: nlme
[1] "Running 94"
Loading required package: nlme
[1] "Running 67"
Loading required package: nlme
Loading required package: nlme
[1] "Running 70"
Loading required package: nlme
[1] "Running 27"
Loading required package: nlme
Loading required package: nlme
Loading required package: nlme
[1] "Running 18"
[1] "Running 76"
[1] "Running 65"
Loading required package: nlme
Loading required package: nlme
[1] "Running 63"
Loading required package: nlme
Loading required package: nlme
Loading required package: nlme
[1] "Running 61"
[1] "Running 38"
[1] "Running 35"
[1] "Running 57"
Loading required package: nlme
Loading required package: nlme
[1] "Running 62"
Loading required package: nlme
[1] "Running 19"
[1] "Running 51"
Loading required package: nlme
Loading required package: nlme
[1] "Running 812"
[1] "Running 50"
Loading required package: nlme
[1] "Running 53"
Loading required package: nlme
[1] "Running 40"
[1] "Running 58"
[1] "Running 802"
[1] "Running 73"
Loading required package: nlme
[1] "Running 804"
[1] "Running 91"
Loading required package: nlme
Loading required package: nlme
Loading required package: nlme
Loading required package: nlme
[1] "Running 69"
Loading required package: nlme
[1] "Running 885"
Loading required package: nlme
[1] "Running 83"
Loading required package: nlme
[1] "Running 81"
Loading required package: nlme
[1] "Running 22"
[1] "Running 75"
[1] "Running 77"
[1] "Running 803"
[1] "Running 84"
Loading required package: nlme
[1] "Running 801"
Loading required package: nlme
[1] "Running 95"
Loading required package: nlme
[1] "Running 55"
[1] "Running 71"
[1] "Running 43"
Loading required package: nlme
Loading required package: nlme
Loading required package: nlme
Loading required package: nlme
[1] "Running 59"
[1] "Running 826"
Loading required package: nlme
Loading required package: nlme
Loading required package: nlme
[1] "Running 78"
[1] "Running 44"
Loading required package: nlme
Loading required package: nlme
Loading required package: nlme
Loading required package: nlme
[1] "Running 855"
[1] "Running 80"
Loading required package: nlme
Loading required package: nlme
[1] "Running 97"
Loading required package: nlme
[1] "Running 814"
[1] "Running 89"
Loading required package: nlme
Loading required package: nlme
Loading required package: nlme
[1] "Running 29"
Loading required package: nlme
[1][1] "Running 821"
 "Running 32"
Loading required package: nlme
[1] "Running 805"
Loading required package: nlme
Loading required package: nlme
[1] "Running 66"
[1] "Running 832"
Loading required package: nlme
Loading required package: nlme
[1] "Running 866"
Loading required package: nlme
[1] "Running 879"
[1] "Running 87"
[1] "Running 96"
Loading required package: nlme
[1] "Running 872"
Loading required package: nlme
[1][1] "Running 99"
Loading required package: nlme
[1] "Running 810"
[1] "Running 890"
[1] "Running 817"
[1] "Running 819"
[1] "Running 868"
Loading required package: nlme
[1] "Running 808"Loading required package: nlme

Loading required package: nlme
Loading required package: nlme
[1] "Running 100"
[1] "Running 82"
[1] "Running 877"
Loading required package: nlme
Loading required package: nlme
Loading required package: nlme
[1] "Running 891"
Loading required package: nlme
Loading required package: nlme
[1] "Running 833"
[1] "Running 818"
Loading required package: nlme
Loading required package: nlme
[1] "Running 93"
Loading required package: nlme
Loading required package: nlme
Loading required package: nlme
[1] "Running 827"
[1] "Running 878"
[1] "Running 72"
[1] "Running 823"
Loading required package: nlme
[1] "Running 883"
[1] "Running 896"
Loading required package: nlme
Loading required package: nlme
[1] "Running 816"
[1] "Running 88"
[1] "Running 828"
Loading required package: nlme
Loading required package: nlme
Loading required package: nlme
[1] "Running 830"
Loading required package: nlme
Loading required package: nlme
Loading required package: nlme
[1] "Running 873"
[1] "Running 98"
Loading required package: nlme
Loading required package: nlme
Loading required package: nlme
 "Running 863"
Loading required package: nlme
[1] "Running 813"
Loading required package: nlme
[1] "Running 811"
Loading required package: nlme
[1] "Running 850"
Loading required package: nlme
[1] "Running 806"
Loading required package: nlme
Loading required package: nlme
[1] "Running 85"
Loading required package: nlme
Loading required package: nlme
[1] "Running 835"
Loading required package: nlme
[1] "Running 90"
Loading required package: nlme
[1] "Running 895"[1] "Running 898"
Loading required package: nlme

Loading required package: nlme
Loading required package: nlme
Loading required package: nlme
[1] "Running 861"
Loading required package: nlme
[1] "Running 839"
[1] "Running 820"
[1]Loading required package: nlme
 "Running 834"
Loading required package: nlme
[1] "Running 824"
Loading required package: nlme
[1] "Running 869"
[1] "Running 846"
Loading required package: nlme
[1] "Running 880"
Loading required package: nlme
[1] "Running 851"
[1] "Running 867"
Loading required package: nlme
[1] "Running 871"
[1] "Running 842"
[1] "Running 886"
Loading required package: nlme
Loading required package: nlme
Loading required package: nlme
[1] "Running 884"
Loading required package: nlme
[1] "Running 844"
[1] "Running 829"
Loading required package: nlme
Loading required package: nlme
Loading required package: nlme
[1] "Running 888"
Loading required package: nlme
[1] "Running 864"
Loading required package: nlme
[1] "Running 882"
[1]Loading required package: nlme
 "Running 822"Loading required package: nlme

Loading required package: nlme
[1] "Running 875"
[1] "Running 843"
[1] "Running 865"
[1] "Running 899"
Loading required package: nlme
[1] "Running 847"
Loading required package: nlme
Loading required package: nlme
[1] "Running 825"
[1] "Running 892"
[1] "Running 874"
[1] "Running 92"
Loading required package: nlme
[1] "Running 889"
Loading required package: nlme
Loading required package: nlme
Loading required package: nlme
[1] "Running 841"
[1] "Running 836"
Loading required package: nlme
Loading required package: nlme
[1] "Running 897"
Loading required package: nlme
Loading required package: nlme
Loading required package: nlme
[1] "Running 859"
Loading required package: nlme
[1] "Running 856"
Loading required package: nlme
[1] "Running 853"
Loading required package: nlme
[1] "Running 838"
Loading required package: nlme
[1] "Running 854"
Loading required package: nlme
[1] "Running 862"
Loading required package: nlme
Loading required package: nlme
[1] "Running 852"
Loading required package: nlme
Loading required package: nlme
[1] "Running 831"
[1] "Running 849"
Loading required package: nlme
[1] "Running 894"
Loading required package: nlme
Loading required package: nlme
Loading required package: nlme
[1] "Running 837"
Loading required package: nlme
[1] "Running 857"
[1] "Running 860"
[1] "Running 815"
Loading required package: nlme
Loading required package: nlme
[1] "Running 840"
Loading required package: nlme
Loading required package: nlme
[1] "Running 858"
Loading required package: nlme
Loading required package: nlme
[1] "Running 887"
[1] "Running 848"
[1] "Running 893"
Loading required package: nlme
[1] "Running 870"
Loading required package: nlme
[1] "Running 881"
Loading required package: nlme
Loading required package: nlme
[1] "Running 900"
Loading required package: nlme
[1] "Running 876"
Loading required package: nlme
Loading required package: nlme
